<?xml version="1.0" encoding="UTF-8"?>
<!-- Generated by org.testng.reporters.JUnitReportReporter -->
<testsuite skipped="0" hostname="CDC2-D-CFLNXJ2" name="Selenium.NewTest" tests="1" failures="0" timestamp="28 Nov 2019 05:17:56 GMT" time="32.422" errors="0">
  <testcase name="login" time="32.422" classname="Selenium.NewTest"/>
</testsuite> <!-- Selenium.NewTest -->
